<?xml version="1.0" encoding="UTF-8" ?>
<testsuite tests="4" failures="0" name="MeanServiceImplTest" time="0.011" errors="0" skipped="0">
  <properties>
[...]
</properties>
  <testcase classname="MeanServiceImplTest" name="negativeRequestTest" time="0.011"/>
  <testcase classname="MeanServiceImplTest" name="regularRequestTest" time="0"/>
  <testcase classname="MeanServiceImplTest" name="emptyRequestTest" time="0"/>
  <testcase classname="MeanServiceImplTest" name="largeRequestTest" time="0"/>
</testsuite>